{
  "stats": {
    "suites": 4,
    "tests": 5,
    "passes": 5,
    "pending": 0,
    "failures": 0,
    "start": "2022-12-24T13:59:41.581Z",
    "end": "2022-12-24T13:59:44.039Z",
    "duration": 2458,
    "testsRegistered": 5,
    "passPercent": 100,
    "pendingPercent": 0,
    "other": 0,
    "hasOther": false,
    "skipped": 0,
    "hasSkipped": false
  },
  "results": [
    {
      "uuid": "450275b5-46b1-4c0f-918f-c0f06765a331",
      "title": "",
      "fullFile": "",
      "file": "",
      "beforeHooks": [],
      "afterHooks": [],
      "tests": [],
      "suites": [
        {
          "uuid": "031a5353-bc51-4c83-a4ce-64ace943f07e",
          "title": "tasks API",
          "fullFile": "/home/nubiecoder/Desktop/capstoneProject/get subscribers/youtubeSubscriber/__tests__/test.js",
          "file": "/__tests__/test.js",
          "beforeHooks": [],
          "afterHooks": [],
          "tests": [],
          "suites": [
            {
              "uuid": "d0d497b9-c9e1-4dca-a063-b9c90e98965b",
              "title": "GET /subscribers",
              "fullFile": "/home/nubiecoder/Desktop/capstoneProject/get subscribers/youtubeSubscriber/__tests__/test.js",
              "file": "/__tests__/test.js",
              "beforeHooks": [],
              "afterHooks": [],
              "tests": [
                {
                  "title": "It should get all the subscribers",
                  "fullTitle": "tasks API GET /subscribers It should get all the subscribers",
                  "timedOut": false,
                  "duration": 2267,
                  "state": "passed",
                  "speed": "slow",
                  "pass": true,
                  "fail": false,
                  "pending": false,
                  "context": null,
                  "code": "chai.request(server)\n    .get(\"/subscribers\")\n    .end((err,response)=>{\n        response.should.have.status(200); \n        response.body.should.be.a(\"array\");\n        response.body.length.should.be.eq(3);\n    done();\n    });",
                  "err": {},
                  "uuid": "d30bf032-fabf-45c8-a0e2-262af284457b",
                  "parentUUID": "d0d497b9-c9e1-4dca-a063-b9c90e98965b",
                  "isHook": false,
                  "skipped": false
                },
                {
                  "title": "It should not get all the subscribers",
                  "fullTitle": "tasks API GET /subscribers It should not get all the subscribers",
                  "timedOut": false,
                  "duration": 9,
                  "state": "passed",
                  "speed": "fast",
                  "pass": true,
                  "fail": false,
                  "pending": false,
                  "context": null,
                  "code": "chai.request(server)\n    .get(\"/subscriber\")\n    .end((err,response)=>{\n        response.should.have.status(404);\n    done();\n    });",
                  "err": {},
                  "uuid": "06d179f8-ccd4-4b81-8e1a-1c42c2821ec3",
                  "parentUUID": "d0d497b9-c9e1-4dca-a063-b9c90e98965b",
                  "isHook": false,
                  "skipped": false
                }
              ],
              "suites": [],
              "passes": [
                "d30bf032-fabf-45c8-a0e2-262af284457b",
                "06d179f8-ccd4-4b81-8e1a-1c42c2821ec3"
              ],
              "failures": [],
              "pending": [],
              "skipped": [],
              "duration": 2276,
              "root": false,
              "rootEmpty": false,
              "_timeout": 60000
            },
            {
              "uuid": "e07bad37-8a58-46f0-a6b6-7d20caf5ddbc",
              "title": "GET /subscribers/names",
              "fullFile": "/home/nubiecoder/Desktop/capstoneProject/get subscribers/youtubeSubscriber/__tests__/test.js",
              "file": "/__tests__/test.js",
              "beforeHooks": [],
              "afterHooks": [],
              "tests": [
                {
                  "title": "It should get all the subscribers with two fields",
                  "fullTitle": "tasks API GET /subscribers/names It should get all the subscribers with two fields",
                  "timedOut": false,
                  "duration": 84,
                  "state": "passed",
                  "speed": "slow",
                  "pass": true,
                  "fail": false,
                  "pending": false,
                  "context": null,
                  "code": "chai.request(server)\n    .get(\"/subscribers/names\")\n    .end((err,response)=>{\n        response.should.have.status(200);\n        response.body.should.be.a(\"array\");\n        response.body.length.should.be.eq(3);\n    done();\n    });",
                  "err": {},
                  "uuid": "7ddd448c-a4cd-4b20-8fa5-7776d3124c65",
                  "parentUUID": "e07bad37-8a58-46f0-a6b6-7d20caf5ddbc",
                  "isHook": false,
                  "skipped": false
                }
              ],
              "suites": [],
              "passes": [
                "7ddd448c-a4cd-4b20-8fa5-7776d3124c65"
              ],
              "failures": [],
              "pending": [],
              "skipped": [],
              "duration": 84,
              "root": false,
              "rootEmpty": false,
              "_timeout": 60000
            },
            {
              "uuid": "f7e07c2c-fb5d-44dd-9545-8778f48ebfac",
              "title": "GET /subscribers/:id",
              "fullFile": "/home/nubiecoder/Desktop/capstoneProject/get subscribers/youtubeSubscriber/__tests__/test.js",
              "file": "/__tests__/test.js",
              "beforeHooks": [],
              "afterHooks": [],
              "tests": [
                {
                  "title": "It should get all the subscribers by id's",
                  "fullTitle": "tasks API GET /subscribers/:id It should get all the subscribers by id's",
                  "timedOut": false,
                  "duration": 72,
                  "state": "passed",
                  "speed": "medium",
                  "pass": true,
                  "fail": false,
                  "pending": false,
                  "context": null,
                  "code": "const taskId = \"639f338cb9176f3c22707944\" //will be added\nchai.request(server)\n    .get(\"/subscribers/\"+ taskId)\n    .end((err,response)=>{\n        response.should.have.status(200);\n        response.body.should.be.a(\"object\");       \n        response.body.should.have.property(\"_id\");\n        response.body.should.have.property(\"name\");\n        response.body.should.have.property(\"subscribedChannel\");\n    done();\n    });",
                  "err": {},
                  "uuid": "fef0be97-1d3e-4109-8025-5337b2e38428",
                  "parentUUID": "f7e07c2c-fb5d-44dd-9545-8778f48ebfac",
                  "isHook": false,
                  "skipped": false
                },
                {
                  "title": "It should not get all the subscribers by id's",
                  "fullTitle": "tasks API GET /subscribers/:id It should not get all the subscribers by id's",
                  "timedOut": false,
                  "duration": 7,
                  "state": "passed",
                  "speed": "fast",
                  "pass": true,
                  "fail": false,
                  "pending": false,
                  "context": null,
                  "code": "const taskId = \"asdfasdfasd\" //will be added\nchai.request(server)\n    .get(\"/subscribers/\"+ taskId)\n    .end((err,response)=>{\n        response.should.have.status(400);\n    done();\n    });",
                  "err": {},
                  "uuid": "a029bf7f-f8ad-44e5-8cd2-5b7fe4c4ef2c",
                  "parentUUID": "f7e07c2c-fb5d-44dd-9545-8778f48ebfac",
                  "isHook": false,
                  "skipped": false
                }
              ],
              "suites": [],
              "passes": [
                "fef0be97-1d3e-4109-8025-5337b2e38428",
                "a029bf7f-f8ad-44e5-8cd2-5b7fe4c4ef2c"
              ],
              "failures": [],
              "pending": [],
              "skipped": [],
              "duration": 79,
              "root": false,
              "rootEmpty": false,
              "_timeout": 60000
            }
          ],
          "passes": [],
          "failures": [],
          "pending": [],
          "skipped": [],
          "duration": 0,
          "root": false,
          "rootEmpty": false,
          "_timeout": 60000
        }
      ],
      "passes": [],
      "failures": [],
      "pending": [],
      "skipped": [],
      "duration": 0,
      "root": true,
      "rootEmpty": true,
      "_timeout": 60000
    }
  ],
  "meta": {
    "mocha": {
      "version": "8.4.0"
    },
    "mochawesome": {
      "options": {
        "quiet": false,
        "reportFilename": "mochawesome",
        "saveHtml": true,
        "saveJson": true,
        "consoleReporter": "spec",
        "useInlineDiffs": false,
        "code": true
      },
      "version": "6.1.1"
    },
    "marge": {
      "options": null,
      "version": "5.2.0"
    }
  }
}