{
  "stats": {
    "suites": 4,
    "tests": 5,
    "passes": 5,
    "pending": 0,
    "failures": 0,
    "start": "2022-12-24T13:15:30.975Z",
    "end": "2022-12-24T13:15:32.976Z",
    "duration": 2001,
    "testsRegistered": 5,
    "passPercent": 100,
    "pendingPercent": 0,
    "other": 0,
    "hasOther": false,
    "skipped": 0,
    "hasSkipped": false
  },
  "results": [
    {
      "uuid": "7b68b5ef-633b-4995-b556-a514702c2cdc",
      "title": "",
      "fullFile": "",
      "file": "",
      "beforeHooks": [],
      "afterHooks": [],
      "tests": [],
      "suites": [
        {
          "uuid": "58719176-8a35-449a-8591-04bef236f200",
          "title": "tasks API",
          "fullFile": "/home/nubiecoder/Desktop/capstoneProject/get subscribers/youtubeSubscriber/__tests__/test.js",
          "file": "/__tests__/test.js",
          "beforeHooks": [],
          "afterHooks": [],
          "tests": [],
          "suites": [
            {
              "uuid": "863ed290-c829-450e-b297-0d25de2d23b7",
              "title": "GET /subscribers",
              "fullFile": "/home/nubiecoder/Desktop/capstoneProject/get subscribers/youtubeSubscriber/__tests__/test.js",
              "file": "/__tests__/test.js",
              "beforeHooks": [],
              "afterHooks": [],
              "tests": [
                {
                  "title": "It should get all the subscribers",
                  "fullTitle": "tasks API GET /subscribers It should get all the subscribers",
                  "timedOut": false,
                  "duration": 1815,
                  "state": "passed",
                  "speed": "slow",
                  "pass": true,
                  "fail": false,
                  "pending": false,
                  "context": null,
                  "code": "chai.request(server)\n    .get(\"/subscribers\")\n    .end((err,response)=>{\n        response.should.have.status(200); \n        response.body.should.be.a(\"array\");\n        response.body.length.should.be.eq(3);\n    done();\n    });",
                  "err": {},
                  "uuid": "16d6fa56-67d3-4587-872c-ec47e20b41fd",
                  "parentUUID": "863ed290-c829-450e-b297-0d25de2d23b7",
                  "isHook": false,
                  "skipped": false
                },
                {
                  "title": "It should not get all the subscribers",
                  "fullTitle": "tasks API GET /subscribers It should not get all the subscribers",
                  "timedOut": false,
                  "duration": 14,
                  "state": "passed",
                  "speed": "fast",
                  "pass": true,
                  "fail": false,
                  "pending": false,
                  "context": null,
                  "code": "chai.request(server)\n    .get(\"/subscriber\")\n    .end((err,response)=>{\n        response.should.have.status(404);\n    done();\n    });",
                  "err": {},
                  "uuid": "6edb0d04-1df7-402a-b04d-499ea9640f9a",
                  "parentUUID": "863ed290-c829-450e-b297-0d25de2d23b7",
                  "isHook": false,
                  "skipped": false
                }
              ],
              "suites": [],
              "passes": [
                "16d6fa56-67d3-4587-872c-ec47e20b41fd",
                "6edb0d04-1df7-402a-b04d-499ea9640f9a"
              ],
              "failures": [],
              "pending": [],
              "skipped": [],
              "duration": 1829,
              "root": false,
              "rootEmpty": false,
              "_timeout": 60000
            },
            {
              "uuid": "ce4de74a-92d4-4d35-b212-9e8936a0a6f3",
              "title": "GET /subscribers/names",
              "fullFile": "/home/nubiecoder/Desktop/capstoneProject/get subscribers/youtubeSubscriber/__tests__/test.js",
              "file": "/__tests__/test.js",
              "beforeHooks": [],
              "afterHooks": [],
              "tests": [
                {
                  "title": "It should get all the subscribers with two fields",
                  "fullTitle": "tasks API GET /subscribers/names It should get all the subscribers with two fields",
                  "timedOut": false,
                  "duration": 71,
                  "state": "passed",
                  "speed": "medium",
                  "pass": true,
                  "fail": false,
                  "pending": false,
                  "context": null,
                  "code": "chai.request(server)\n    .get(\"/subscribers/names\")\n    .end((err,response)=>{\n        response.should.have.status(200);\n        response.body.should.be.a(\"array\");\n        response.body.length.should.be.eq(3);\n    done();\n    });",
                  "err": {},
                  "uuid": "da3ba29a-9ef3-4391-90f9-08d9b663374b",
                  "parentUUID": "ce4de74a-92d4-4d35-b212-9e8936a0a6f3",
                  "isHook": false,
                  "skipped": false
                }
              ],
              "suites": [],
              "passes": [
                "da3ba29a-9ef3-4391-90f9-08d9b663374b"
              ],
              "failures": [],
              "pending": [],
              "skipped": [],
              "duration": 71,
              "root": false,
              "rootEmpty": false,
              "_timeout": 60000
            },
            {
              "uuid": "a5a42db7-61df-44f4-b97e-ebc220ab2188",
              "title": "GET /subscribers/:id",
              "fullFile": "/home/nubiecoder/Desktop/capstoneProject/get subscribers/youtubeSubscriber/__tests__/test.js",
              "file": "/__tests__/test.js",
              "beforeHooks": [],
              "afterHooks": [],
              "tests": [
                {
                  "title": "It should get all the subscribers by id's",
                  "fullTitle": "tasks API GET /subscribers/:id It should get all the subscribers by id's",
                  "timedOut": false,
                  "duration": 69,
                  "state": "passed",
                  "speed": "medium",
                  "pass": true,
                  "fail": false,
                  "pending": false,
                  "context": null,
                  "code": "const taskId = \"639f338cb9176f3c22707944\" //will be added\nchai.request(server)\n    .get(\"/subscribers/\"+ taskId)\n    .end((err,response)=>{\n        response.should.have.status(200);\n        response.body.should.be.a(\"object\");       \n        response.body.should.have.property(\"_id\");\n        response.body.should.have.property(\"name\");\n        response.body.should.have.property(\"subscribedChannel\");\n    done();\n    });",
                  "err": {},
                  "uuid": "3fc6c263-5b93-4b20-a456-16855874c11c",
                  "parentUUID": "a5a42db7-61df-44f4-b97e-ebc220ab2188",
                  "isHook": false,
                  "skipped": false
                },
                {
                  "title": "It should not get all the subscribers by id's",
                  "fullTitle": "tasks API GET /subscribers/:id It should not get all the subscribers by id's",
                  "timedOut": false,
                  "duration": 8,
                  "state": "passed",
                  "speed": "fast",
                  "pass": true,
                  "fail": false,
                  "pending": false,
                  "context": null,
                  "code": "const taskId = \"asdfasdfasd\" //will be added\nchai.request(server)\n    .get(\"/subscribers/\"+ taskId)\n    .end((err,response)=>{\n        response.should.have.status(400);\n    done();\n    });",
                  "err": {},
                  "uuid": "ddd5438b-31d7-493e-a2db-dbee418bc539",
                  "parentUUID": "a5a42db7-61df-44f4-b97e-ebc220ab2188",
                  "isHook": false,
                  "skipped": false
                }
              ],
              "suites": [],
              "passes": [
                "3fc6c263-5b93-4b20-a456-16855874c11c",
                "ddd5438b-31d7-493e-a2db-dbee418bc539"
              ],
              "failures": [],
              "pending": [],
              "skipped": [],
              "duration": 77,
              "root": false,
              "rootEmpty": false,
              "_timeout": 60000
            }
          ],
          "passes": [],
          "failures": [],
          "pending": [],
          "skipped": [],
          "duration": 0,
          "root": false,
          "rootEmpty": false,
          "_timeout": 60000
        }
      ],
      "passes": [],
      "failures": [],
      "pending": [],
      "skipped": [],
      "duration": 0,
      "root": true,
      "rootEmpty": true,
      "_timeout": 60000
    }
  ],
  "meta": {
    "mocha": {
      "version": "8.4.0"
    },
    "mochawesome": {
      "options": {
        "quiet": false,
        "reportFilename": "mochawesome",
        "saveHtml": true,
        "saveJson": true,
        "consoleReporter": "spec",
        "useInlineDiffs": false,
        "code": true
      },
      "version": "6.1.1"
    },
    "marge": {
      "options": null,
      "version": "5.2.0"
    }
  }
}